<?xml version="1.0" encoding="UTF-8"?>
<testsuite xmlns:xsi="http://www.w3.org/2001/XMLSchema-instance" xsi:noNamespaceSchemaLocation="https://maven.apache.org/surefire/maven-surefire-plugin/xsd/surefire-test-report.xsd" name="BSTTest" time="0.018" tests="11" errors="0" skipped="0" failures="0">
  <properties>
    <property name="gopherProxySet" value="false"/>
    <property name="awt.toolkit" value="sun.lwawt.macosx.LWCToolkit"/>
    <property name="java.specification.version" value="11"/>
    <property name="sun.cpu.isalist" value=""/>
    <property name="sun.jnu.encoding" value="UTF-8"/>
    <property name="java.class.path" value="/Users/rexmacbookpro2021/Documents/Java---Data-Structures-Algorithms/Data_Structures_And_Algorithms_2_BinaryTrees_Heaps_SkipLists_HashMaps/Module_5_Assignment_Binary_Search_Tree/target/test-classes:/Users/rexmacbookpro2021/Documents/Java---Data-Structures-Algorithms/Data_Structures_And_Algorithms_2_BinaryTrees_Heaps_SkipLists_HashMaps/Module_5_Assignment_Binary_Search_Tree/target/classes:/Users/rexmacbookpro2021/.m2/repository/org/junit/jupiter/junit-jupiter-api/5.8.2/junit-jupiter-api-5.8.2.jar:/Users/rexmacbookpro2021/.m2/repository/org/opentest4j/opentest4j/1.2.0/opentest4j-1.2.0.jar:/Users/rexmacbookpro2021/.m2/repository/org/junit/platform/junit-platform-commons/1.8.2/junit-platform-commons-1.8.2.jar:/Users/rexmacbookpro2021/.m2/repository/org/apiguardian/apiguardian-api/1.1.2/apiguardian-api-1.1.2.jar:/Users/rexmacbookpro2021/.m2/repository/org/junit/jupiter/junit-jupiter-engine/5.8.2/junit-jupiter-engine-5.8.2.jar:/Users/rexmacbookpro2021/.m2/repository/org/junit/platform/junit-platform-engine/1.8.2/junit-platform-engine-1.8.2.jar:"/>
    <property name="java.vm.vendor" value="Azul Systems, Inc."/>
    <property name="sun.arch.data.model" value="64"/>
    <property name="java.vendor.url" value="http://www.azul.com/"/>
    <property name="user.timezone" value=""/>
    <property name="java.vm.specification.version" value="11"/>
    <property name="os.name" value="Mac OS X"/>
    <property name="sun.java.launcher" value="SUN_STANDARD"/>
    <property name="user.country" value="US"/>
    <property name="sun.boot.library.path" value="/Library/Java/JavaVirtualMachines/zulu-11.jdk/Contents/Home/lib"/>
    <property name="sun.java.command" value="/Users/rexmacbookpro2021/Documents/Java---Data-Structures-Algorithms/Data_Structures_And_Algorithms_2_BinaryTrees_Heaps_SkipLists_HashMaps/Module_5_Assignment_Binary_Search_Tree/target/surefire/surefirebooter16975175693774881883.jar /Users/rexmacbookpro2021/Documents/Java---Data-Structures-Algorithms/Data_Structures_And_Algorithms_2_BinaryTrees_Heaps_SkipLists_HashMaps/Module_5_Assignment_Binary_Search_Tree/target/surefire 2025-01-02T08-58-24_996-jvmRun1 surefire9907795778526098682tmp surefire_014714011718704942156tmp"/>
    <property name="http.nonProxyHosts" value="local|*.local|169.254/16|*.169.254/16"/>
    <property name="jdk.debug" value="release"/>
    <property name="surefire.test.class.path" value="/Users/rexmacbookpro2021/Documents/Java---Data-Structures-Algorithms/Data_Structures_And_Algorithms_2_BinaryTrees_Heaps_SkipLists_HashMaps/Module_5_Assignment_Binary_Search_Tree/target/test-classes:/Users/rexmacbookpro2021/Documents/Java---Data-Structures-Algorithms/Data_Structures_And_Algorithms_2_BinaryTrees_Heaps_SkipLists_HashMaps/Module_5_Assignment_Binary_Search_Tree/target/classes:/Users/rexmacbookpro2021/.m2/repository/org/junit/jupiter/junit-jupiter-api/5.8.2/junit-jupiter-api-5.8.2.jar:/Users/rexmacbookpro2021/.m2/repository/org/opentest4j/opentest4j/1.2.0/opentest4j-1.2.0.jar:/Users/rexmacbookpro2021/.m2/repository/org/junit/platform/junit-platform-commons/1.8.2/junit-platform-commons-1.8.2.jar:/Users/rexmacbookpro2021/.m2/repository/org/apiguardian/apiguardian-api/1.1.2/apiguardian-api-1.1.2.jar:/Users/rexmacbookpro2021/.m2/repository/org/junit/jupiter/junit-jupiter-engine/5.8.2/junit-jupiter-engine-5.8.2.jar:/Users/rexmacbookpro2021/.m2/repository/org/junit/platform/junit-platform-engine/1.8.2/junit-platform-engine-1.8.2.jar:"/>
    <property name="sun.cpu.endian" value="little"/>
    <property name="user.home" value="/Users/rexmacbookpro2021"/>
    <property name="user.language" value="en"/>
    <property name="java.specification.vendor" value="Oracle Corporation"/>
    <property name="java.version.date" value="2024-10-15"/>
    <property name="java.home" value="/Library/Java/JavaVirtualMachines/zulu-11.jdk/Contents/Home"/>
    <property name="file.separator" value="/"/>
    <property name="basedir" value="/Users/rexmacbookpro2021/Documents/Java---Data-Structures-Algorithms/Data_Structures_And_Algorithms_2_BinaryTrees_Heaps_SkipLists_HashMaps/Module_5_Assignment_Binary_Search_Tree"/>
    <property name="java.vm.compressedOopsMode" value="Zero based"/>
    <property name="line.separator" value="&#10;"/>
    <property name="java.specification.name" value="Java Platform API Specification"/>
    <property name="java.vm.specification.vendor" value="Oracle Corporation"/>
    <property name="jdk.vendor.version" value="Zulu11.76+21-CA"/>
    <property name="java.awt.graphicsenv" value="sun.awt.CGraphicsEnvironment"/>
    <property name="surefire.real.class.path" value="/Users/rexmacbookpro2021/Documents/Java---Data-Structures-Algorithms/Data_Structures_And_Algorithms_2_BinaryTrees_Heaps_SkipLists_HashMaps/Module_5_Assignment_Binary_Search_Tree/target/surefire/surefirebooter16975175693774881883.jar"/>
    <property name="sun.management.compiler" value="HotSpot 64-Bit Tiered Compilers"/>
    <property name="ftp.nonProxyHosts" value="local|*.local|169.254/16|*.169.254/16"/>
    <property name="java.runtime.version" value="11.0.25+9-LTS"/>
    <property name="user.name" value="rexmacbookpro2021"/>
    <property name="path.separator" value=":"/>
    <property name="os.version" value="15.1.1"/>
    <property name="java.runtime.name" value="OpenJDK Runtime Environment"/>
    <property name="file.encoding" value="UTF-8"/>
    <property name="java.vm.name" value="OpenJDK 64-Bit Server VM"/>
    <property name="java.vendor.version" value="Zulu11.76+21-CA"/>
    <property name="localRepository" value="/Users/rexmacbookpro2021/.m2/repository"/>
    <property name="java.vendor.url.bug" value="http://www.azul.com/support/"/>
    <property name="java.io.tmpdir" value="/var/folders/97/l0m465_x6wg32y7mwyqsd1gr0000gn/T/"/>
    <property name="java.version" value="11.0.25"/>
    <property name="user.dir" value="/Users/rexmacbookpro2021/Documents/Java---Data-Structures-Algorithms/Data_Structures_And_Algorithms_2_BinaryTrees_Heaps_SkipLists_HashMaps/Module_5_Assignment_Binary_Search_Tree"/>
    <property name="os.arch" value="aarch64"/>
    <property name="java.vm.specification.name" value="Java Virtual Machine Specification"/>
    <property name="java.awt.printerjob" value="sun.lwawt.macosx.CPrinterJob"/>
    <property name="sun.os.patch.level" value="unknown"/>
    <property name="java.library.path" value="/Users/rexmacbookpro2021/Library/Java/Extensions:/Library/Java/Extensions:/Network/Library/Java/Extensions:/System/Library/Java/Extensions:/usr/lib/java:."/>
    <property name="java.vm.info" value="mixed mode"/>
    <property name="java.vendor" value="Azul Systems, Inc."/>
    <property name="java.vm.version" value="11.0.25+9-LTS"/>
    <property name="java.specification.maintenance.version" value="3"/>
    <property name="sun.io.unicode.encoding" value="UnicodeBig"/>
    <property name="java.class.version" value="55.0"/>
    <property name="socksNonProxyHosts" value="local|*.local|169.254/16|*.169.254/16"/>
  </properties>
  <testcase name="testDataHandling" classname="BSTTest" time="0.01"/>
  <testcase name="testAddNull" classname="BSTTest" time="0"/>
  <testcase name="testBasicStructure" classname="BSTTest" time="0.001"/>
  <testcase name="testAddAndSize" classname="BSTTest" time="0"/>
  <testcase name="testRemoveLeaf" classname="BSTTest" time="0.001"/>
  <testcase name="testRemoveNull" classname="BSTTest" time="0"/>
  <testcase name="testRemoveRoot" classname="BSTTest" time="0"/>
  <testcase name="testAddManyNodes" classname="BSTTest" time="0.001"/>
  <testcase name="testRemoveWithOneChild" classname="BSTTest" time="0"/>
  <testcase name="testRemoveFromEmpty" classname="BSTTest" time="0.001"/>
  <testcase name="testRemoveWithTwoChildren" classname="BSTTest" time="0"/>
</testsuite>